undefined | 2022-02-09 00:37:34 info: URL : /
undefined | 2022-02-09 00:37:34 info: Create a key attempt : LvqDGTXwmUqAMUvF5BYqMMcwwaxzUwCq
undefined | 2022-02-09 00:55:40 info: URL : /
undefined | 2022-02-09 00:55:40 info: Create a key attempt : OBgaQYVQ8WPtmOEV8q40gzABdVz7F5fp
undefined | 2022-02-09 02:01:07 info: Create a key attempt : Sxbc4KOcXGr0EeRdIAXKuxeC2N2V4fmB
undefined | 2022-02-09 02:01:09 info: URL : /
undefined | 2022-02-09 02:01:09 info: Create a key attempt : i61KXVaosRY_njvFWwX6c08WuOLI4Wwe
undefined | 2022-02-09 02:02:19 info: URL : /
undefined | 2022-02-09 02:02:19 info: Create a key attempt : iu_a04Q4GbFlIl1rzaFyiB4Mw5CPrdyQ
undefined | 2022-02-09 02:03:46 info: Create a key attempt : jjPrNcXpifN-Wf1hNL9fUdgNxvCo2qEo
undefined | 2022-02-09 02:03:46 info: URL : /
undefined | 2022-02-09 02:03:46 info: Create a key attempt : rQSXCdC_6AW7ZRD1cG7Ujd52lGrC7sEp
undefined | 2022-02-09 02:20:09 info: Create a key attempt : tGPFuIQPocMZruEnNe3Z1xmWKmbPZv9d
undefined | 2022-02-09 02:20:09 info: URL : /
undefined | 2022-02-09 02:20:09 info: Create a key attempt : XWNmeJP7XeWZWLfbgNHCorBFaZrl43Bl
undefined | 2022-02-09 02:50:13 info: URL : /
undefined | 2022-02-09 02:50:13 info: Create a key attempt : qqfgJv3GlBVUyDE4w1vLH5n5krEgJlZJ
undefined | 2022-02-09 03:15:47 info: URL : /
undefined | 2022-02-09 03:15:47 info: Create a key attempt : FUc01quknY_aXPJOijsOMNjOatwle7mr
undefined | 2022-02-09 03:15:48 info: Create a key attempt : ZzGX9UkWbZZpMPEknYJ65jjTbHSusfLe
undefined | 2022-02-09 03:15:48 info: URL : /
undefined | 2022-02-09 03:15:48 info: Create a key attempt : CxWsrsMmNrWTGYyozQ7i1BYonNBabRLi
undefined | 2022-02-09 03:20:09 info: Create a key attempt : FuhaxYFGtADvrB8bB11-WMU0exB2wfWf
undefined | 2022-02-09 03:20:09 info: URL : /singin
undefined | 2022-02-09 03:20:09 info: Create a key attempt : 2rC8x47wMZCLfVJNCRnz2gklUuxXWHEC
undefined | 2022-02-09 03:52:43 info: Create a key attempt : gFobY8PqT3QiBtiZITR3ed_sMjli2ZTk
undefined | 2022-02-09 03:52:44 info: URL : /
undefined | 2022-02-09 03:52:44 info: Create a key attempt : 95ua38oY4dHlaVq7ZveD8FiGohU6gaNX
undefined | 2022-02-09 03:57:11 info: Create a key attempt : ktB0aAQ6rGDb0bU5IMZYjcum9a1h3p1e
undefined | 2022-02-09 03:57:11 info: URL : /
undefined | 2022-02-09 03:57:11 info: Create a key attempt : 3IrJvQhxtMWwfWCt84eTQ3CYzlH4TlGE
undefined | 2022-02-09 04:33:47 info: Create a key attempt : oCkhAtG93HuXqh9CC3niI4Bem8HKvUWO
undefined | 2022-02-09 04:33:47 info: URL : /
undefined | 2022-02-09 04:33:47 info: Create a key attempt : eaKOLQuLqMO99suM75-27n1MFkJ5klc-
undefined | 2022-02-09 04:33:48 info: Create a key attempt : 21G-9EXMQh59oRjFT2rX3Oklw5BIxMjn
undefined | 2022-02-09 04:33:48 info: URL : /
undefined | 2022-02-09 04:33:48 info: Create a key attempt : NOT88Z6tcgpU7RJRm1xS8iVEg-UWj8Ap
undefined | 2022-02-09 04:33:49 info: Create a key attempt : MjD0OBWNacAG4higXg2X3cc6fpOqYKIj
undefined | 2022-02-09 04:33:49 info: URL : /
undefined | 2022-02-09 04:33:49 info: Create a key attempt : uBV9NbN8IDzlbHYpG4UDXbfzonTYRwJQ
undefined | 2022-02-09 04:33:50 info: Create a key attempt : s7wFrm2b42n_Dh5FXzWBl3VKBVRvaXuX
undefined | 2022-02-09 04:33:50 info: URL : /
undefined | 2022-02-09 04:33:50 info: Create a key attempt : 4RMY-6CN3hOAWxYdlX2Z8AyK--ymckfJ
undefined | 2022-02-09 04:49:02 info: URL : /
undefined | 2022-02-09 04:49:02 info: Create a key attempt : EqCtXP9c56NtAV7EV29dk-peXeADq2jb
undefined | 2022-02-09 05:03:49 info: Create a key attempt : VyubSHwWjLHVaHkNywBPnA2CdFlAPo1X
undefined | 2022-02-09 05:03:52 info: URL : /
undefined | 2022-02-09 05:03:52 info: Create a key attempt : LFEY1x2RdeiSonG0v3dNOwicg6A-XPN2
undefined | 2022-02-09 05:07:24 info: Create a key attempt : G-Lnf1Rpi97w1tw6QCS8zPSLSJoe5-gr
undefined | 2022-02-09 05:07:24 info: URL : /
undefined | 2022-02-09 05:07:24 info: Create a key attempt : cTpsId0FfyAW8HIYoeKRzZgRVDaOlTcx
undefined | 2022-02-09 05:16:36 info: URL : /
undefined | 2022-02-09 05:16:36 info: Create a key attempt : O2g77gzF1mc-SNR75NQU5b24if1xhklS
undefined | 2022-02-09 05:21:15 info: URL : /
undefined | 2022-02-09 05:21:15 info: Create a key attempt : xISDNox6OSDtGkQTPMsyvXMXLj_y4Jxx
undefined | 2022-02-09 06:51:45 info: URL : /
undefined | 2022-02-09 06:51:45 info: Create a key attempt : CuC7aXt7mT9wdDUhFrCQiw1GZkO38EXU
undefined | 2022-02-09 06:51:46 info: Create a key attempt : 7i2K6-6WUHKbI92XJnmN86Qcy3GS_qqQ
undefined | 2022-02-09 07:03:57 info: URL : /
undefined | 2022-02-09 07:03:57 info: Create a key attempt : sJUFSbzV8gIstqlLIHa-j2MutFGOosAG
undefined | 2022-02-09 07:07:43 info: URL : /
undefined | 2022-02-09 07:07:43 info: Create a key attempt : up9vjnKsLMx1DAsCA2UTEbYF-nmQCULe
undefined | 2022-02-09 07:58:18 info: URL : /
undefined | 2022-02-09 07:58:18 info: Create a key attempt : pShvBC5WB0iAMAayqOMiFxCSkuGJvBUa
undefined | 2022-02-09 08:53:21 info: URL : /
undefined | 2022-02-09 08:53:21 info: Create a key attempt : MKV2HiHKTOCPsQsBIRNt7QL1SiDj8LrX
undefined | 2022-02-09 09:26:11 info: URL : /
undefined | 2022-02-09 09:26:11 info: Create a key attempt : IW21GBSkjrOWZlN-OPH-JTw1yjfLnxJh
undefined | 2022-02-09 09:26:12 info: URL : /
undefined | 2022-02-09 09:26:12 info: Create a key attempt : JUKBsBNB68Rdo2wSOW7iLYRwtg45dC1V
undefined | 2022-02-09 09:30:30 info: Create a key attempt : wEcYQ0KvZ-nug7E-MRjD-p6Jgb3Frj3L
undefined | 2022-02-09 09:40:04 info: Create a key attempt : SNpdvMgdi54lSCh8lr8UJFB4Zy-exsxe
undefined | 2022-02-09 09:51:00 info: URL : /
undefined | 2022-02-09 09:51:00 info: Create a key attempt : xdiE2sdC0I0Y90AGP5HQNbV1EyXa8-f2
undefined | 2022-02-09 09:51:01 info: Create a key attempt : c36SbI9rBebpoJJN1JEJ8V_7807UPQb7
undefined | 2022-02-09 09:51:01 info: Create a key attempt : MaDM76IfNc-TJVVrIYA1McXc4JTK72Xf
undefined | 2022-02-09 09:52:58 info: Create a key attempt : k4nckWFiiF2FDlWWiEFSM_bawJnC0zTG
