undefined | 2022-05-30 04:55:26 info: Create a key attempt : NnOlRGzYrYF65HhpG_npfgR4AmzYVXuq
undefined | 2022-05-30 04:55:34 info: URL : /
undefined | 2022-05-30 04:55:34 info: Create a key attempt : 3aTcbkdScsK0LdeGLV3A0ca11eqZI7s6
undefined | 2022-05-30 07:14:33 info: URL : /
undefined | 2022-05-30 07:14:33 info: Create a key attempt : SXpOD-rrnOvUDwNlZRHM1iYY0te7ENxG
undefined | 2022-05-30 12:17:40 info: Create a key attempt : sB0veoXDXTU3hPfkf5HJ3iCOZX5Kq9uU
undefined | 2022-05-30 12:17:41 info: Create a key attempt : wJArQMF70zH_q9ysLFLWWubS6ssP0TZX
undefined | 2022-05-30 13:32:38 info: Create a key attempt : mXss5261QTsT0Nw7DaKUdKqniEs2PCtY
undefined | 2022-05-30 13:32:39 info: URL : /signup
undefined | 2022-05-30 13:32:39 info: Create a key attempt : dBN86oA4CznvYWcjNAZCDn0lULmSGvc2
undefined | 2022-05-30 13:32:44 info: URL : /api/list/getCenterList
undefined | 2022-05-30 13:32:44 info: start decryptAll..
undefined | 2022-05-30 13:32:44 info: callProcedureSync start - SP_CENTER_LIST
undefined | 2022-05-30 13:32:44 error: getRequest failed : TypeError: Cannot read properties of null (reading 'request')
undefined | 2022-05-30 14:22:28 info: Create a key attempt : wF1GQ8UCpGkNWTRQ83wOBcfRGJoHhZ78
undefined | 2022-05-30 15:02:38 info: URL : /
undefined | 2022-05-30 15:02:38 info: Create a key attempt : _OIKc9FipZVrK_VeoAQ0_iyfw32WjPGs
undefined | 2022-05-30 17:31:19 info: URL : /
undefined | 2022-05-30 17:31:19 info: Create a key attempt : IxtomIaLjfNu1u1deE5P-LFwWJd242FI
undefined | 2022-05-30 20:51:37 info: Create a key attempt : Ay2HtsbLBTgM3c6gAy27ZEgRwDcXKcSr
undefined | 2022-05-30 20:51:38 info: URL : /
undefined | 2022-05-30 20:51:38 info: Create a key attempt : jgZAduh43saKCiKl3-leG2ufIqW-QWBJ
undefined | 2022-05-30 21:30:50 info: Create a key attempt : iEjAPsph2OQ74Pvoeo1IyObtEJNJtVjQ
undefined | 2022-05-30 21:30:58 info: URL : /
undefined | 2022-05-30 21:56:47 error: create connection pool failed.. : ConnectionError: Login failed for user 'LEHEAR_NODE_USER'.
undefined | 2022-05-30 21:59:40 info: URL : /
undefined | 2022-05-30 21:59:40 info: Create a key attempt : 8IhLyWtVybeXdmheQ-C99l9kISIZeGQk
