undefined | 2023-01-31 10:07:14 info: URL : /
undefined | 2023-01-31 10:07:14 info: Create a key attempt : eJnXqTPGdkQtqfLVpjkL9mnLokwX_TmG
undefined | 2023-01-31 10:34:02 info: URL : /
undefined | 2023-01-31 10:37:16 info: URL : /
undefined | 2023-01-31 10:50:26 info: URL : /
undefined | 2023-01-31 11:06:56 info: URL : /
undefined | 2023-01-31 11:06:56 info: Create a key attempt : LC2X97wSyoKvrfRPouddxjKPCjBeVO5j
undefined | 2023-01-31 11:06:57 info: Create a key attempt : 2WEnKkQwfGHeWrG26gcjE1FAL9S1vlu-
undefined | 2023-01-31 11:07:26 info: URL : /
undefined | 2023-01-31 11:07:27 info: Create a key attempt : aS7JoTI_uXoEP35hBHaF7HVOcGv5Cqci
undefined | 2023-01-31 11:07:34 info: URL : /
undefined | 2023-01-31 11:07:35 info: Create a key attempt : PIWpt-W4Cv-UWi1n4fdwHC7Xau3kwh_D
undefined | 2023-01-31 11:07:56 info: URL : /
undefined | 2023-01-31 11:07:56 info: Create a key attempt : GBOSciYMMCXOGTnSm20dwHw_Bjyppv7P
undefined | 2023-01-31 11:07:59 info: URL : /signup
undefined | 2023-01-31 11:07:59 info: URL : /api/list/getCenterList
undefined | 2023-01-31 11:07:59 info: start decryptAll..
undefined | 2023-01-31 11:07:59 info: callProcedureSync start - SP_CENTER_LIST
undefined | 2023-01-31 11:07:59 info: during time : 226
undefined | 2023-01-31 11:07:59 info: SP_CENTER_LIST callProcedureSync success
undefined | 2023-01-31 11:07:59 info: Create a key attempt : ate_1Hp9B08zmxTISDbWgSOafI3sSzhH
undefined | 2023-01-31 11:07:59 info: URL : /api/list/getBankList
undefined | 2023-01-31 11:07:59 info: start decryptAll..
undefined | 2023-01-31 11:07:59 info: callProcedureSync start - SP_BANK_LIST
undefined | 2023-01-31 11:07:59 info: during time : 53
undefined | 2023-01-31 11:07:59 info: SP_BANK_LIST callProcedureSync success
undefined | 2023-01-31 11:08:19 info: URL : /signup
undefined | 2023-01-31 11:08:19 info: Create a key attempt : 0N3LMtsLQZHyh4PGq8mHxvoWfJqv_Yq-
undefined | 2023-01-31 11:08:19 info: URL : /api/list/getCenterList
undefined | 2023-01-31 11:08:19 info: start decryptAll..
undefined | 2023-01-31 11:08:19 info: callProcedureSync start - SP_CENTER_LIST
undefined | 2023-01-31 11:08:19 info: during time : 109
undefined | 2023-01-31 11:08:19 info: SP_CENTER_LIST callProcedureSync success
undefined | 2023-01-31 11:08:19 info: URL : /api/list/getBankList
undefined | 2023-01-31 11:08:19 info: start decryptAll..
undefined | 2023-01-31 11:08:19 info: callProcedureSync start - SP_BANK_LIST
undefined | 2023-01-31 11:08:19 info: Create a key attempt : u923DWHI_rNUNeV36lGy8-AxVPNGa9cV
undefined | 2023-01-31 11:08:20 info: during time : 86
undefined | 2023-01-31 11:08:20 info: SP_BANK_LIST callProcedureSync success
undefined | 2023-01-31 11:09:41 info: URL : /signup
undefined | 2023-01-31 11:09:41 info: URL : /api/list/getCenterList
undefined | 2023-01-31 11:09:41 info: start decryptAll..
undefined | 2023-01-31 11:09:41 info: callProcedureSync start - SP_CENTER_LIST
undefined | 2023-01-31 11:09:41 info: during time : 82
undefined | 2023-01-31 11:09:41 info: SP_CENTER_LIST callProcedureSync success
undefined | 2023-01-31 11:09:41 info: URL : /api/list/getBankList
undefined | 2023-01-31 11:09:41 info: start decryptAll..
undefined | 2023-01-31 11:09:41 info: callProcedureSync start - SP_BANK_LIST
undefined | 2023-01-31 11:09:41 info: during time : 27
undefined | 2023-01-31 11:09:41 info: SP_BANK_LIST callProcedureSync success
undefined | 2023-01-31 11:09:42 info: Create a key attempt : 75w0MdAVA0hs1ItHzZKS1fOi4clX1xdc
undefined | 2023-01-31 11:10:20 info: URL : /signup
undefined | 2023-01-31 11:10:20 info: URL : /api/list/getCenterList
undefined | 2023-01-31 11:10:20 info: start decryptAll..
undefined | 2023-01-31 11:10:20 info: callProcedureSync start - SP_CENTER_LIST
undefined | 2023-01-31 11:10:20 info: Create a key attempt : mvoBJ8QsHsdbf_9GikDZU_z-WRHS9cEp
undefined | 2023-01-31 11:10:21 info: during time : 129
undefined | 2023-01-31 11:10:21 info: SP_CENTER_LIST callProcedureSync success
undefined | 2023-01-31 11:10:21 info: URL : /api/list/getBankList
undefined | 2023-01-31 11:10:21 info: start decryptAll..
undefined | 2023-01-31 11:10:21 info: callProcedureSync start - SP_BANK_LIST
undefined | 2023-01-31 11:10:21 info: during time : 26
undefined | 2023-01-31 11:10:21 info: SP_BANK_LIST callProcedureSync success
