undefined | 2022-03-29 00:47:44 error: _stream.Readable.from is not a function
undefined | 2022-03-29 03:51:27 error: _stream.Readable.from is not a function
undefined | 2022-03-29 03:51:41 error: create connection pool failed.. : ConnectionError: Failed to connect to 222.239.193.199:1433 in 15000ms
undefined | 2022-03-29 03:53:01 error: _stream.Readable.from is not a function
undefined | 2022-03-29 03:53:15 error: create connection pool failed.. : ConnectionError: Failed to connect to 222.239.193.199:1433 in 15000ms
undefined | 2022-03-29 03:59:45 error: create connection pool failed.. : ConnectionError: Failed to connect to 222.239.193.199:1433 - Could not connect (sequence)
undefined | 2022-03-29 04:02:56 error: _stream.Readable.from is not a function
undefined | 2022-03-29 04:03:16 error: _stream.Readable.from is not a function
undefined | 2022-03-29 04:03:30 error: create connection pool failed.. : ConnectionError: Failed to connect to 222.239.193.199:1433 in 15000ms
undefined | 2022-03-29 04:03:53 error: _stream.Readable.from is not a function
undefined | 2022-03-29 04:04:08 error: create connection pool failed.. : ConnectionError: Failed to connect to 222.239.193.199:1433 in 15000ms
undefined | 2022-03-29 04:05:17 error: _stream.Readable.from is not a function
undefined | 2022-03-29 04:05:31 error: create connection pool failed.. : ConnectionError: Failed to connect to 222.239.193.199:1433 in 15000ms
undefined | 2022-03-29 04:06:29 error: _stream.Readable.from is not a function
undefined | 2022-03-29 04:06:49 error: _stream.Readable.from is not a function
undefined | 2022-03-29 05:26:18 error: _stream.Readable.from is not a function
undefined | 2022-03-29 05:26:32 error: create connection pool failed.. : ConnectionError: Failed to connect to 222.239.193.199:1433 in 15000ms
undefined | 2022-03-29 11:19:54 error: _stream.Readable.from is not a function
undefined | 2022-03-29 11:20:08 error: create connection pool failed.. : ConnectionError: Failed to connect to 222.239.193.199:1433 in 15000ms
undefined | 2022-03-29 12:39:08 error: paramsCheck failed
undefined | 2022-03-29 12:40:04 error: paramsCheck failed
undefined | 2022-03-29 12:41:15 error: paramsCheck failed
undefined | 2022-03-29 12:41:30 error: paramsCheck failed
undefined | 2022-03-29 17:19:28 error: Cannot read properties of undefined (reading 'name')
undefined | 2022-03-29 17:20:25 error: Cannot read properties of undefined (reading 'name')
undefined | 2022-03-29 17:21:38 error: Cannot read properties of undefined (reading 'name')
undefined | 2022-03-29 17:22:29 error: Cannot read properties of undefined (reading 'name')
undefined | 2022-03-29 17:22:59 error: Cannot read properties of undefined (reading 'name')
undefined | 2022-03-29 17:23:11 error: Cannot read properties of undefined (reading 'name')
undefined | 2022-03-29 17:23:33 error: Cannot read properties of undefined (reading 'name')
undefined | 2022-03-29 17:23:41 error: Cannot read properties of undefined (reading 'name')
undefined | 2022-03-29 17:24:16 error: Cannot read properties of undefined (reading 'name')
undefined | 2022-03-29 17:26:10 error: Cannot read properties of undefined (reading 'name')
undefined | 2022-03-29 17:26:12 error: Cannot read properties of undefined (reading 'name')
undefined | 2022-03-29 17:26:14 error: Cannot read properties of undefined (reading 'name')
undefined | 2022-03-29 17:26:16 error: Cannot read properties of undefined (reading 'name')
undefined | 2022-03-29 17:27:16 error: Cannot read properties of undefined (reading 'name')
undefined | 2022-03-29 17:30:16 error: Cannot read properties of undefined (reading 'name')
undefined | 2022-03-29 17:33:16 error: Cannot read properties of undefined (reading 'name')
undefined | 2022-03-29 17:36:16 error: Cannot read properties of undefined (reading 'name')
undefined | 2022-03-29 17:39:17 error: Cannot read properties of undefined (reading 'name')
undefined | 2022-03-29 17:42:17 error: Cannot read properties of undefined (reading 'name')
undefined | 2022-03-29 17:45:17 error: Cannot read properties of undefined (reading 'name')
undefined | 2022-03-29 17:48:17 error: Cannot read properties of undefined (reading 'name')
undefined | 2022-03-29 17:51:18 error: Cannot read properties of undefined (reading 'name')
undefined | 2022-03-29 17:54:18 error: Cannot read properties of undefined (reading 'name')
undefined | 2022-03-29 17:57:18 error: Cannot read properties of undefined (reading 'name')
undefined | 2022-03-29 18:00:18 error: Cannot read properties of undefined (reading 'name')
undefined | 2022-03-29 18:03:18 error: Cannot read properties of undefined (reading 'name')
undefined | 2022-03-29 18:06:19 error: Cannot read properties of undefined (reading 'name')
undefined | 2022-03-29 18:09:19 error: Cannot read properties of undefined (reading 'name')
undefined | 2022-03-29 18:12:19 error: Cannot read properties of undefined (reading 'name')
undefined | 2022-03-29 18:15:20 error: Cannot read properties of undefined (reading 'name')
undefined | 2022-03-29 18:18:20 error: Cannot read properties of undefined (reading 'name')
undefined | 2022-03-29 18:21:20 error: Cannot read properties of undefined (reading 'name')
undefined | 2022-03-29 18:24:20 error: Cannot read properties of undefined (reading 'name')
undefined | 2022-03-29 18:27:20 error: Cannot read properties of undefined (reading 'name')
undefined | 2022-03-29 18:30:20 error: Cannot read properties of undefined (reading 'name')
undefined | 2022-03-29 18:33:21 error: Cannot read properties of undefined (reading 'name')
undefined | 2022-03-29 18:36:21 error: Cannot read properties of undefined (reading 'name')
undefined | 2022-03-29 18:39:21 error: Cannot read properties of undefined (reading 'name')
undefined | 2022-03-29 18:42:21 error: Cannot read properties of undefined (reading 'name')
undefined | 2022-03-29 18:45:22 error: Cannot read properties of undefined (reading 'name')
undefined | 2022-03-29 18:48:22 error: Cannot read properties of undefined (reading 'name')
undefined | 2022-03-29 18:51:22 error: Cannot read properties of undefined (reading 'name')
undefined | 2022-03-29 18:54:22 error: Cannot read properties of undefined (reading 'name')
undefined | 2022-03-29 18:57:23 error: Cannot read properties of undefined (reading 'name')
undefined | 2022-03-29 19:00:23 error: Cannot read properties of undefined (reading 'name')
undefined | 2022-03-29 19:03:23 error: Cannot read properties of undefined (reading 'name')
undefined | 2022-03-29 19:06:23 error: Cannot read properties of undefined (reading 'name')
undefined | 2022-03-29 19:09:24 error: Cannot read properties of undefined (reading 'name')
undefined | 2022-03-29 19:12:24 error: Cannot read properties of undefined (reading 'name')
undefined | 2022-03-29 19:15:24 error: Cannot read properties of undefined (reading 'name')
undefined | 2022-03-29 19:18:24 error: Cannot read properties of undefined (reading 'name')
undefined | 2022-03-29 19:21:24 error: Cannot read properties of undefined (reading 'name')
undefined | 2022-03-29 19:24:25 error: Cannot read properties of undefined (reading 'name')
undefined | 2022-03-29 19:27:25 error: Cannot read properties of undefined (reading 'name')
undefined | 2022-03-29 19:30:25 error: Cannot read properties of undefined (reading 'name')
undefined | 2022-03-29 19:33:25 error: Cannot read properties of undefined (reading 'name')
undefined | 2022-03-29 19:36:25 error: Cannot read properties of undefined (reading 'name')
undefined | 2022-03-29 19:39:26 error: Cannot read properties of undefined (reading 'name')
undefined | 2022-03-29 19:42:26 error: Cannot read properties of undefined (reading 'name')
undefined | 2022-03-29 19:45:26 error: Cannot read properties of undefined (reading 'name')
undefined | 2022-03-29 19:48:26 error: Cannot read properties of undefined (reading 'name')
undefined | 2022-03-29 19:51:27 error: Cannot read properties of undefined (reading 'name')
undefined | 2022-03-29 19:54:27 error: Cannot read properties of undefined (reading 'name')
undefined | 2022-03-29 19:57:27 error: Cannot read properties of undefined (reading 'name')
undefined | 2022-03-29 20:00:27 error: Cannot read properties of undefined (reading 'name')
undefined | 2022-03-29 20:03:27 error: Cannot read properties of undefined (reading 'name')
undefined | 2022-03-29 20:06:27 error: Cannot read properties of undefined (reading 'name')
undefined | 2022-03-29 20:09:28 error: Cannot read properties of undefined (reading 'name')
undefined | 2022-03-29 20:12:28 error: Cannot read properties of undefined (reading 'name')
undefined | 2022-03-29 20:15:28 error: Cannot read properties of undefined (reading 'name')
undefined | 2022-03-29 20:18:28 error: Cannot read properties of undefined (reading 'name')
undefined | 2022-03-29 20:21:29 error: Cannot read properties of undefined (reading 'name')
undefined | 2022-03-29 20:24:29 error: Cannot read properties of undefined (reading 'name')
undefined | 2022-03-29 20:27:30 error: Cannot read properties of undefined (reading 'name')
undefined | 2022-03-29 20:30:30 error: Cannot read properties of undefined (reading 'name')
undefined | 2022-03-29 20:33:30 error: Cannot read properties of undefined (reading 'name')
undefined | 2022-03-29 20:35:20 error: Cannot read properties of undefined (reading 'name')
undefined | 2022-03-29 20:36:30 error: Cannot read properties of undefined (reading 'name')
undefined | 2022-03-29 20:39:31 error: Cannot read properties of undefined (reading 'name')
undefined | 2022-03-29 20:42:31 error: Cannot read properties of undefined (reading 'name')
undefined | 2022-03-29 20:45:31 error: Cannot read properties of undefined (reading 'name')
undefined | 2022-03-29 20:48:31 error: Cannot read properties of undefined (reading 'name')
undefined | 2022-03-29 20:51:32 error: Cannot read properties of undefined (reading 'name')
undefined | 2022-03-29 20:54:32 error: Cannot read properties of undefined (reading 'name')
undefined | 2022-03-29 20:57:32 error: Cannot read properties of undefined (reading 'name')
undefined | 2022-03-29 21:00:32 error: Cannot read properties of undefined (reading 'name')
undefined | 2022-03-29 21:02:05 error: Cannot read properties of undefined (reading 'name')
undefined | 2022-03-29 21:03:33 error: Cannot read properties of undefined (reading 'name')
undefined | 2022-03-29 21:06:33 error: Cannot read properties of undefined (reading 'name')
undefined | 2022-03-29 21:08:10 error: Cannot read properties of undefined (reading 'name')
undefined | 2022-03-29 21:09:33 error: Cannot read properties of undefined (reading 'name')
undefined | 2022-03-29 21:12:33 error: Cannot read properties of undefined (reading 'name')
undefined | 2022-03-29 21:15:34 error: Cannot read properties of undefined (reading 'name')
undefined | 2022-03-29 21:18:34 error: Cannot read properties of undefined (reading 'name')
undefined | 2022-03-29 21:21:34 error: Cannot read properties of undefined (reading 'name')
undefined | 2022-03-29 21:24:34 error: Cannot read properties of undefined (reading 'name')
undefined | 2022-03-29 21:27:34 error: Cannot read properties of undefined (reading 'name')
undefined | 2022-03-29 21:30:06 error: Cannot read properties of undefined (reading 'name')
undefined | 2022-03-29 21:30:34 error: Cannot read properties of undefined (reading 'name')
undefined | 2022-03-29 21:32:22 error: Cannot read properties of undefined (reading 'name')
undefined | 2022-03-29 21:33:35 error: Cannot read properties of undefined (reading 'name')
undefined | 2022-03-29 21:36:35 error: Cannot read properties of undefined (reading 'name')
undefined | 2022-03-29 21:39:36 error: Cannot read properties of undefined (reading 'name')
undefined | 2022-03-29 21:42:36 error: Cannot read properties of undefined (reading 'name')
undefined | 2022-03-29 21:45:36 error: Cannot read properties of undefined (reading 'name')
undefined | 2022-03-29 21:48:36 error: Cannot read properties of undefined (reading 'name')
undefined | 2022-03-29 21:51:50 error: Cannot read properties of undefined (reading 'name')
