undefined | 2023-04-10 02:27:00 error: executeProcedure failed : RequestError: Procedure or function 'SP_MEMBER_LOGIN' expects parameter '@os_infor', which was not supplied.
undefined | 2023-04-10 02:27:00 error: callProcedureSync failed
undefined | 2023-04-10 02:27:00 error: Cannot read properties of null (reading 'recordset')
undefined | 2023-04-10 02:31:56 error: executeProcedure failed : RequestError: Procedure or function 'SP_MEMBER_LOGIN' expects parameter '@os_infor', which was not supplied.
undefined | 2023-04-10 02:31:56 error: callProcedureSync failed
undefined | 2023-04-10 02:31:56 error: Cannot read properties of null (reading 'recordset')
undefined | 2023-04-10 02:31:57 error: executeProcedure failed : RequestError: Procedure or function 'SP_MEMBER_LOGIN' expects parameter '@os_infor', which was not supplied.
undefined | 2023-04-10 02:31:57 error: callProcedureSync failed
undefined | 2023-04-10 02:31:57 error: Cannot read properties of null (reading 'recordset')
undefined | 2023-04-10 02:45:09 error: executeProcedure failed : ConnectionError: Login failed for user 'XIMA_ADMIN_NODE'.
undefined | 2023-04-10 02:45:09 error: callProcedureSync failed
undefined | 2023-04-10 02:45:09 error: Cannot read properties of null (reading 'recordset')
undefined | 2023-04-10 02:48:41 error: paramsCheck failed
undefined | 2023-04-10 02:48:41 error: Cannot read properties of null (reading 'recordset')
undefined | 2023-04-10 02:49:01 error: paramsCheck failed
undefined | 2023-04-10 02:49:01 error: Cannot read properties of null (reading 'recordset')
undefined | 2023-04-10 02:49:02 error: paramsCheck failed
undefined | 2023-04-10 02:49:02 error: Cannot read properties of null (reading 'recordset')
undefined | 2023-04-10 02:49:13 error: paramsCheck failed
undefined | 2023-04-10 02:49:13 error: Cannot read properties of null (reading 'recordset')
undefined | 2023-04-10 02:49:19 error: paramsCheck failed
undefined | 2023-04-10 02:49:19 error: Cannot read properties of null (reading 'recordset')
undefined | 2023-04-10 02:49:23 error: paramsCheck failed
undefined | 2023-04-10 02:49:23 error: Cannot read properties of null (reading 'recordset')
undefined | 2023-04-10 02:49:24 error: paramsCheck failed
undefined | 2023-04-10 02:49:24 error: Cannot read properties of null (reading 'recordset')
undefined | 2023-04-10 02:50:12 error: paramsCheck failed
undefined | 2023-04-10 02:50:12 error: Cannot read properties of null (reading 'recordset')
undefined | 2023-04-10 02:50:52 error: paramsCheck failed
undefined | 2023-04-10 02:50:52 error: Cannot read properties of null (reading 'recordset')
undefined | 2023-04-10 02:54:25 error: paramsCheck failed
undefined | 2023-04-10 02:54:25 error: paramsCheck failed
undefined | 2023-04-10 02:54:25 error: paramsCheck failed
undefined | 2023-04-10 02:58:59 error: paramsCheck failed
undefined | 2023-04-10 02:58:59 error: paramsCheck failed
undefined | 2023-04-10 02:58:59 error: paramsCheck failed
undefined | 2023-04-10 02:59:16 error: paramsCheck failed
undefined | 2023-04-10 02:59:16 error: paramsCheck failed
undefined | 2023-04-10 02:59:16 error: paramsCheck failed
undefined | 2023-04-10 03:01:37 error: paramsCheck failed
undefined | 2023-04-10 03:01:37 error: paramsCheck failed
undefined | 2023-04-10 03:01:37 error: paramsCheck failed
undefined | 2023-04-10 03:01:45 error: paramsCheck failed
undefined | 2023-04-10 03:01:45 error: paramsCheck failed
undefined | 2023-04-10 03:01:45 error: paramsCheck failed
undefined | 2023-04-10 03:04:28 error: executeProcedure failed : RequestError: Could not find stored procedure 'SP_BANK_LIST'.
undefined | 2023-04-10 03:04:28 error: callProcedureSync failed
undefined | 2023-04-10 03:17:22 error: paramsCheck failed
undefined | 2023-04-10 03:17:22 error: paramsCheck failed
undefined | 2023-04-10 03:17:22 error: paramsCheck failed
undefined | 2023-04-10 03:19:28 error: paramsCheck failed
undefined | 2023-04-10 03:19:28 error: paramsCheck failed
undefined | 2023-04-10 03:19:28 error: paramsCheck failed
undefined | 2023-04-10 03:20:19 error: paramsCheck failed
undefined | 2023-04-10 03:20:19 error: paramsCheck failed
undefined | 2023-04-10 03:20:19 error: paramsCheck failed
undefined | 2023-04-10 03:20:26 error: paramsCheck failed
undefined | 2023-04-10 03:20:26 error: paramsCheck failed
undefined | 2023-04-10 03:20:26 error: paramsCheck failed
undefined | 2023-04-10 03:21:05 error: paramsCheck failed
undefined | 2023-04-10 03:21:05 error: paramsCheck failed
undefined | 2023-04-10 03:21:05 error: paramsCheck failed
undefined | 2023-04-10 03:23:30 error: paramsCheck failed
undefined | 2023-04-10 03:23:30 error: paramsCheck failed
undefined | 2023-04-10 03:23:30 error: paramsCheck failed
undefined | 2023-04-10 03:23:39 error: paramsCheck failed
undefined | 2023-04-10 03:23:39 error: paramsCheck failed
undefined | 2023-04-10 03:23:39 error: paramsCheck failed
undefined | 2023-04-10 03:23:51 error: paramsCheck failed
undefined | 2023-04-10 03:23:51 error: paramsCheck failed
undefined | 2023-04-10 03:23:51 error: paramsCheck failed
undefined | 2023-04-10 03:39:02 error: paramsCheck failed
undefined | 2023-04-10 03:39:02 error: paramsCheck failed
undefined | 2023-04-10 03:39:02 error: paramsCheck failed
undefined | 2023-04-10 03:40:44 error: paramsCheck failed
undefined | 2023-04-10 03:40:44 error: paramsCheck failed
undefined | 2023-04-10 03:40:44 error: paramsCheck failed
undefined | 2023-04-10 03:44:22 error: paramsCheck failed
undefined | 2023-04-10 03:44:22 error: paramsCheck failed
undefined | 2023-04-10 03:44:22 error: paramsCheck failed
undefined | 2023-04-10 03:48:51 error: paramsCheck failed
undefined | 2023-04-10 03:48:51 error: paramsCheck failed
undefined | 2023-04-10 03:48:51 error: paramsCheck failed
undefined | 2023-04-10 03:49:08 error: paramsCheck failed
undefined | 2023-04-10 03:49:08 error: paramsCheck failed
undefined | 2023-04-10 03:49:08 error: paramsCheck failed
undefined | 2023-04-10 03:49:37 error: paramsCheck failed
undefined | 2023-04-10 03:49:37 error: paramsCheck failed
undefined | 2023-04-10 03:49:37 error: paramsCheck failed
undefined | 2023-04-10 03:57:21 error: paramsCheck failed
undefined | 2023-04-10 03:57:21 error: paramsCheck failed
undefined | 2023-04-10 03:57:21 error: paramsCheck failed
undefined | 2023-04-10 03:59:52 error: paramsCheck failed
undefined | 2023-04-10 03:59:52 error: paramsCheck failed
undefined | 2023-04-10 03:59:52 error: paramsCheck failed
undefined | 2023-04-10 04:00:08 error: paramsCheck failed
undefined | 2023-04-10 04:00:08 error: paramsCheck failed
undefined | 2023-04-10 04:00:08 error: paramsCheck failed
undefined | 2023-04-10 04:03:35 error: paramsCheck failed
undefined | 2023-04-10 04:03:35 error: paramsCheck failed
undefined | 2023-04-10 04:03:35 error: paramsCheck failed
undefined | 2023-04-10 04:04:25 error: paramsCheck failed
undefined | 2023-04-10 04:04:25 error: paramsCheck failed
undefined | 2023-04-10 04:04:25 error: paramsCheck failed
undefined | 2023-04-10 04:04:29 error: paramsCheck failed
undefined | 2023-04-10 04:04:29 error: paramsCheck failed
undefined | 2023-04-10 04:04:29 error: paramsCheck failed
undefined | 2023-04-10 04:04:41 error: paramsCheck failed
undefined | 2023-04-10 04:04:41 error: paramsCheck failed
undefined | 2023-04-10 04:04:41 error: paramsCheck failed
undefined | 2023-04-10 04:05:41 error: paramsCheck failed
undefined | 2023-04-10 04:05:41 error: paramsCheck failed
undefined | 2023-04-10 04:05:41 error: paramsCheck failed
undefined | 2023-04-10 04:06:07 error: paramsCheck failed
undefined | 2023-04-10 04:06:07 error: paramsCheck failed
undefined | 2023-04-10 04:06:07 error: paramsCheck failed
undefined | 2023-04-10 04:06:32 error: paramsCheck failed
undefined | 2023-04-10 04:06:32 error: paramsCheck failed
undefined | 2023-04-10 04:06:32 error: paramsCheck failed
undefined | 2023-04-10 04:08:44 error: paramsCheck failed
undefined | 2023-04-10 04:08:44 error: paramsCheck failed
undefined | 2023-04-10 04:08:44 error: paramsCheck failed
undefined | 2023-04-10 04:09:11 error: paramsCheck failed
undefined | 2023-04-10 04:09:11 error: paramsCheck failed
undefined | 2023-04-10 04:09:11 error: paramsCheck failed
undefined | 2023-04-10 04:09:36 error: paramsCheck failed
undefined | 2023-04-10 04:09:36 error: paramsCheck failed
undefined | 2023-04-10 04:09:36 error: paramsCheck failed
undefined | 2023-04-10 04:10:12 error: paramsCheck failed
undefined | 2023-04-10 04:10:12 error: paramsCheck failed
undefined | 2023-04-10 04:10:12 error: paramsCheck failed
undefined | 2023-04-10 04:12:05 error: paramsCheck failed
undefined | 2023-04-10 04:12:05 error: paramsCheck failed
undefined | 2023-04-10 04:12:05 error: paramsCheck failed
undefined | 2023-04-10 04:12:06 error: paramsCheck failed
undefined | 2023-04-10 04:12:06 error: paramsCheck failed
undefined | 2023-04-10 04:12:06 error: paramsCheck failed
undefined | 2023-04-10 04:12:07 error: paramsCheck failed
undefined | 2023-04-10 04:12:07 error: paramsCheck failed
undefined | 2023-04-10 04:12:07 error: paramsCheck failed
undefined | 2023-04-10 04:12:08 error: paramsCheck failed
undefined | 2023-04-10 04:12:08 error: paramsCheck failed
undefined | 2023-04-10 04:12:08 error: paramsCheck failed
undefined | 2023-04-10 04:12:38 error: executeProcedure failed : RequestError: Could not find stored procedure 'SP_BANK_LIST'.
undefined | 2023-04-10 04:12:38 error: callProcedureSync failed
undefined | 2023-04-10 04:13:15 error: executeProcedure failed : RequestError: Could not find stored procedure 'SP_BANK_LIST'.
undefined | 2023-04-10 04:13:15 error: callProcedureSync failed
undefined | 2023-04-10 04:13:52 error: executeProcedure failed : RequestError: Could not find stored procedure 'SP_BANK_LIST'.
undefined | 2023-04-10 04:13:52 error: callProcedureSync failed
undefined | 2023-04-10 04:15:03 error: executeProcedure failed : RequestError: Could not find stored procedure 'SP_BANK_LIST'.
undefined | 2023-04-10 04:15:03 error: callProcedureSync failed
undefined | 2023-04-10 04:15:25 error: executeProcedure failed : RequestError: Could not find stored procedure 'SP_BANK_LIST'.
undefined | 2023-04-10 04:15:25 error: callProcedureSync failed
undefined | 2023-04-10 04:15:47 error: executeProcedure failed : RequestError: Could not find stored procedure 'SP_BANK_LIST'.
undefined | 2023-04-10 04:15:47 error: callProcedureSync failed
undefined | 2023-04-10 04:15:59 error: executeProcedure failed : RequestError: Could not find stored procedure 'SP_BANK_LIST'.
undefined | 2023-04-10 04:15:59 error: callProcedureSync failed
undefined | 2023-04-10 04:16:16 error: executeProcedure failed : RequestError: Could not find stored procedure 'SP_BANK_LIST'.
undefined | 2023-04-10 04:16:16 error: callProcedureSync failed
undefined | 2023-04-10 04:16:24 error: executeProcedure failed : RequestError: Could not find stored procedure 'SP_BANK_LIST'.
undefined | 2023-04-10 04:16:24 error: callProcedureSync failed
undefined | 2023-04-10 04:16:49 error: executeProcedure failed : RequestError: Could not find stored procedure 'SP_BANK_LIST'.
undefined | 2023-04-10 04:16:49 error: callProcedureSync failed
undefined | 2023-04-10 04:17:04 error: executeProcedure failed : RequestError: Could not find stored procedure 'SP_BANK_LIST'.
undefined | 2023-04-10 04:17:04 error: callProcedureSync failed
undefined | 2023-04-10 04:17:19 error: executeProcedure failed : RequestError: Could not find stored procedure 'SP_BANK_LIST'.
undefined | 2023-04-10 04:17:19 error: callProcedureSync failed
undefined | 2023-04-10 04:17:34 error: executeProcedure failed : RequestError: Could not find stored procedure 'SP_BANK_LIST'.
undefined | 2023-04-10 04:17:34 error: callProcedureSync failed
undefined | 2023-04-10 04:17:46 error: executeProcedure failed : RequestError: Could not find stored procedure 'SP_BANK_LIST'.
undefined | 2023-04-10 04:17:46 error: callProcedureSync failed
undefined | 2023-04-10 04:17:58 error: executeProcedure failed : RequestError: Could not find stored procedure 'SP_BANK_LIST'.
undefined | 2023-04-10 04:17:58 error: callProcedureSync failed
undefined | 2023-04-10 04:18:49 error: executeProcedure failed : RequestError: Could not find stored procedure 'SP_BANK_LIST'.
undefined | 2023-04-10 04:18:49 error: callProcedureSync failed
undefined | 2023-04-10 04:19:55 error: executeProcedure failed : RequestError: Could not find stored procedure 'SP_BANK_LIST'.
undefined | 2023-04-10 04:19:55 error: callProcedureSync failed
undefined | 2023-04-10 04:21:44 error: executeProcedure failed : RequestError: Could not find stored procedure 'SP_BANK_LIST'.
undefined | 2023-04-10 04:21:44 error: callProcedureSync failed
undefined | 2023-04-10 04:26:27 error: executeProcedure failed : RequestError: Could not find stored procedure 'SP_BANK_LIST'.
undefined | 2023-04-10 04:26:27 error: callProcedureSync failed
undefined | 2023-04-10 04:26:47 error: executeProcedure failed : RequestError: Could not find stored procedure 'SP_BANK_LIST'.
undefined | 2023-04-10 04:26:47 error: callProcedureSync failed
undefined | 2023-04-10 04:27:11 error: executeProcedure failed : RequestError: Could not find stored procedure 'SP_BANK_LIST'.
undefined | 2023-04-10 04:27:11 error: callProcedureSync failed
undefined | 2023-04-10 04:27:22 error: paramsCheck failed
undefined | 2023-04-10 04:27:22 error: paramsCheck failed
undefined | 2023-04-10 04:27:22 error: paramsCheck failed
undefined | 2023-04-10 04:29:37 error: paramsCheck failed
undefined | 2023-04-10 04:29:37 error: paramsCheck failed
undefined | 2023-04-10 04:29:37 error: paramsCheck failed
undefined | 2023-04-10 04:31:04 error: paramsCheck failed
undefined | 2023-04-10 04:31:04 error: paramsCheck failed
undefined | 2023-04-10 04:31:04 error: paramsCheck failed
undefined | 2023-04-10 04:31:18 error: paramsCheck failed
undefined | 2023-04-10 04:31:18 error: paramsCheck failed
undefined | 2023-04-10 04:31:18 error: paramsCheck failed
undefined | 2023-04-10 04:31:43 error: paramsCheck failed
undefined | 2023-04-10 04:31:43 error: paramsCheck failed
undefined | 2023-04-10 04:31:43 error: paramsCheck failed
undefined | 2023-04-10 04:32:00 error: paramsCheck failed
undefined | 2023-04-10 04:32:00 error: paramsCheck failed
undefined | 2023-04-10 04:32:00 error: paramsCheck failed
undefined | 2023-04-10 04:34:28 error: paramsCheck failed
undefined | 2023-04-10 04:34:28 error: paramsCheck failed
undefined | 2023-04-10 04:34:28 error: paramsCheck failed
undefined | 2023-04-10 04:36:43 error: paramsCheck failed
undefined | 2023-04-10 04:36:43 error: paramsCheck failed
undefined | 2023-04-10 04:36:43 error: paramsCheck failed
undefined | 2023-04-10 04:37:12 error: paramsCheck failed
undefined | 2023-04-10 04:37:12 error: paramsCheck failed
undefined | 2023-04-10 04:37:12 error: paramsCheck failed
undefined | 2023-04-10 04:38:30 error: paramsCheck failed
undefined | 2023-04-10 04:38:30 error: paramsCheck failed
undefined | 2023-04-10 04:38:30 error: paramsCheck failed
undefined | 2023-04-10 04:38:54 error: paramsCheck failed
undefined | 2023-04-10 04:38:54 error: paramsCheck failed
undefined | 2023-04-10 04:38:54 error: paramsCheck failed
undefined | 2023-04-10 04:41:30 error: paramsCheck failed
undefined | 2023-04-10 04:41:30 error: paramsCheck failed
undefined | 2023-04-10 04:41:30 error: paramsCheck failed
undefined | 2023-04-10 04:42:14 error: paramsCheck failed
undefined | 2023-04-10 04:42:14 error: paramsCheck failed
undefined | 2023-04-10 04:42:14 error: paramsCheck failed
undefined | 2023-04-10 04:43:13 error: paramsCheck failed
undefined | 2023-04-10 04:43:13 error: paramsCheck failed
undefined | 2023-04-10 04:43:13 error: paramsCheck failed
undefined | 2023-04-10 04:46:28 error: paramsCheck failed
undefined | 2023-04-10 04:46:28 error: paramsCheck failed
undefined | 2023-04-10 04:46:28 error: paramsCheck failed
undefined | 2023-04-10 04:48:30 error: paramsCheck failed
undefined | 2023-04-10 04:48:30 error: paramsCheck failed
undefined | 2023-04-10 04:48:30 error: paramsCheck failed
undefined | 2023-04-10 04:54:57 error: paramsCheck failed
undefined | 2023-04-10 04:54:57 error: paramsCheck failed
undefined | 2023-04-10 04:54:58 error: paramsCheck failed
undefined | 2023-04-10 04:55:22 error: paramsCheck failed
undefined | 2023-04-10 04:55:22 error: paramsCheck failed
undefined | 2023-04-10 04:55:22 error: paramsCheck failed
undefined | 2023-04-10 04:55:35 error: paramsCheck failed
undefined | 2023-04-10 04:55:35 error: paramsCheck failed
undefined | 2023-04-10 04:55:35 error: paramsCheck failed
undefined | 2023-04-10 04:55:45 error: paramsCheck failed
undefined | 2023-04-10 04:55:45 error: paramsCheck failed
undefined | 2023-04-10 04:55:45 error: paramsCheck failed
undefined | 2023-04-10 04:56:10 error: paramsCheck failed
undefined | 2023-04-10 04:56:10 error: paramsCheck failed
undefined | 2023-04-10 04:56:10 error: paramsCheck failed
undefined | 2023-04-10 05:00:36 error: paramsCheck failed
undefined | 2023-04-10 05:00:36 error: paramsCheck failed
undefined | 2023-04-10 05:00:36 error: paramsCheck failed
undefined | 2023-04-10 05:00:38 error: paramsCheck failed
undefined | 2023-04-10 05:00:38 error: paramsCheck failed
undefined | 2023-04-10 05:00:38 error: paramsCheck failed
undefined | 2023-04-10 05:00:43 error: paramsCheck failed
undefined | 2023-04-10 05:00:43 error: paramsCheck failed
undefined | 2023-04-10 05:00:43 error: paramsCheck failed
undefined | 2023-04-10 05:04:28 error: paramsCheck failed
undefined | 2023-04-10 05:04:28 error: paramsCheck failed
undefined | 2023-04-10 05:04:28 error: paramsCheck failed
undefined | 2023-04-10 05:04:46 error: paramsCheck failed
undefined | 2023-04-10 05:04:46 error: paramsCheck failed
undefined | 2023-04-10 05:04:46 error: paramsCheck failed
undefined | 2023-04-10 05:06:05 error: paramsCheck failed
undefined | 2023-04-10 05:06:05 error: paramsCheck failed
undefined | 2023-04-10 05:06:05 error: paramsCheck failed
undefined | 2023-04-10 05:06:27 error: paramsCheck failed
undefined | 2023-04-10 05:06:27 error: paramsCheck failed
undefined | 2023-04-10 05:06:27 error: paramsCheck failed
undefined | 2023-04-10 05:08:08 error: paramsCheck failed
undefined | 2023-04-10 05:08:08 error: paramsCheck failed
undefined | 2023-04-10 05:08:08 error: paramsCheck failed
undefined | 2023-04-10 05:11:13 error: executeProcedure failed : RequestError: Could not find stored procedure 'SP_BANK_LIST'.
undefined | 2023-04-10 05:11:13 error: callProcedureSync failed
undefined | 2023-04-10 05:11:14 error: paramsCheck failed
undefined | 2023-04-10 05:11:14 error: paramsCheck failed
undefined | 2023-04-10 05:11:14 error: paramsCheck failed
undefined | 2023-04-10 05:14:21 error: paramsCheck failed
undefined | 2023-04-10 05:14:21 error: paramsCheck failed
undefined | 2023-04-10 05:14:21 error: paramsCheck failed
undefined | 2023-04-10 05:16:34 error: paramsCheck failed
undefined | 2023-04-10 05:16:34 error: paramsCheck failed
undefined | 2023-04-10 05:16:34 error: paramsCheck failed
undefined | 2023-04-10 05:24:44 error: paramsCheck failed
undefined | 2023-04-10 05:24:44 error: paramsCheck failed
undefined | 2023-04-10 05:24:44 error: paramsCheck failed
undefined | 2023-04-10 05:24:53 error: paramsCheck failed
undefined | 2023-04-10 05:24:53 error: paramsCheck failed
undefined | 2023-04-10 05:24:53 error: paramsCheck failed
undefined | 2023-04-10 05:25:53 error: paramsCheck failed
undefined | 2023-04-10 05:25:53 error: paramsCheck failed
undefined | 2023-04-10 05:25:53 error: paramsCheck failed
undefined | 2023-04-10 05:26:42 error: paramsCheck failed
undefined | 2023-04-10 05:26:42 error: paramsCheck failed
undefined | 2023-04-10 05:26:42 error: paramsCheck failed
undefined | 2023-04-10 05:27:18 error: paramsCheck failed
undefined | 2023-04-10 05:27:18 error: paramsCheck failed
undefined | 2023-04-10 05:27:18 error: paramsCheck failed
undefined | 2023-04-10 05:27:36 error: paramsCheck failed
undefined | 2023-04-10 05:27:36 error: paramsCheck failed
undefined | 2023-04-10 05:27:36 error: paramsCheck failed
undefined | 2023-04-10 05:27:47 error: paramsCheck failed
undefined | 2023-04-10 05:27:47 error: paramsCheck failed
undefined | 2023-04-10 05:27:47 error: paramsCheck failed
undefined | 2023-04-10 05:28:03 error: paramsCheck failed
undefined | 2023-04-10 05:28:03 error: paramsCheck failed
undefined | 2023-04-10 05:28:03 error: paramsCheck failed
undefined | 2023-04-10 05:28:12 error: paramsCheck failed
undefined | 2023-04-10 05:28:12 error: paramsCheck failed
undefined | 2023-04-10 05:28:12 error: paramsCheck failed
undefined | 2023-04-10 05:28:51 error: paramsCheck failed
undefined | 2023-04-10 05:28:51 error: paramsCheck failed
undefined | 2023-04-10 05:28:51 error: paramsCheck failed
undefined | 2023-04-10 05:29:07 error: paramsCheck failed
undefined | 2023-04-10 05:29:07 error: paramsCheck failed
undefined | 2023-04-10 05:29:07 error: paramsCheck failed
undefined | 2023-04-10 05:29:19 error: paramsCheck failed
undefined | 2023-04-10 05:29:19 error: paramsCheck failed
undefined | 2023-04-10 05:29:19 error: paramsCheck failed
undefined | 2023-04-10 05:29:38 error: paramsCheck failed
undefined | 2023-04-10 05:29:38 error: paramsCheck failed
undefined | 2023-04-10 05:29:38 error: paramsCheck failed
undefined | 2023-04-10 05:30:00 error: paramsCheck failed
undefined | 2023-04-10 05:30:00 error: paramsCheck failed
undefined | 2023-04-10 05:30:00 error: paramsCheck failed
undefined | 2023-04-10 05:30:27 error: paramsCheck failed
undefined | 2023-04-10 05:30:27 error: paramsCheck failed
undefined | 2023-04-10 05:30:27 error: paramsCheck failed
undefined | 2023-04-10 05:30:55 error: paramsCheck failed
undefined | 2023-04-10 05:30:55 error: paramsCheck failed
undefined | 2023-04-10 05:30:55 error: paramsCheck failed
undefined | 2023-04-10 05:31:03 error: paramsCheck failed
undefined | 2023-04-10 05:31:03 error: paramsCheck failed
undefined | 2023-04-10 05:31:03 error: paramsCheck failed
undefined | 2023-04-10 05:31:23 error: paramsCheck failed
undefined | 2023-04-10 05:31:23 error: paramsCheck failed
undefined | 2023-04-10 05:31:23 error: paramsCheck failed
undefined | 2023-04-10 05:31:51 error: paramsCheck failed
undefined | 2023-04-10 05:31:51 error: paramsCheck failed
undefined | 2023-04-10 05:31:51 error: paramsCheck failed
undefined | 2023-04-10 05:32:04 error: paramsCheck failed
undefined | 2023-04-10 05:32:04 error: paramsCheck failed
undefined | 2023-04-10 05:32:04 error: paramsCheck failed
undefined | 2023-04-10 05:35:05 error: paramsCheck failed
undefined | 2023-04-10 05:35:05 error: paramsCheck failed
undefined | 2023-04-10 05:35:05 error: paramsCheck failed
undefined | 2023-04-10 05:35:19 error: paramsCheck failed
undefined | 2023-04-10 05:35:19 error: paramsCheck failed
undefined | 2023-04-10 05:35:19 error: paramsCheck failed
undefined | 2023-04-10 05:36:25 error: paramsCheck failed
undefined | 2023-04-10 05:36:25 error: paramsCheck failed
undefined | 2023-04-10 05:36:25 error: paramsCheck failed
undefined | 2023-04-10 05:36:39 error: paramsCheck failed
undefined | 2023-04-10 05:36:39 error: paramsCheck failed
undefined | 2023-04-10 05:36:39 error: paramsCheck failed
undefined | 2023-04-10 05:36:47 error: paramsCheck failed
undefined | 2023-04-10 05:36:47 error: paramsCheck failed
undefined | 2023-04-10 05:36:47 error: paramsCheck failed
undefined | 2023-04-10 05:42:30 error: paramsCheck failed
undefined | 2023-04-10 05:42:30 error: paramsCheck failed
undefined | 2023-04-10 05:42:30 error: paramsCheck failed
undefined | 2023-04-10 05:42:41 error: paramsCheck failed
undefined | 2023-04-10 05:42:41 error: paramsCheck failed
undefined | 2023-04-10 05:42:41 error: paramsCheck failed
undefined | 2023-04-10 05:42:48 error: paramsCheck failed
undefined | 2023-04-10 05:42:48 error: paramsCheck failed
undefined | 2023-04-10 05:42:48 error: paramsCheck failed
undefined | 2023-04-10 05:43:10 error: paramsCheck failed
undefined | 2023-04-10 05:43:10 error: paramsCheck failed
undefined | 2023-04-10 05:43:10 error: paramsCheck failed
undefined | 2023-04-10 05:43:29 error: paramsCheck failed
undefined | 2023-04-10 05:43:29 error: paramsCheck failed
undefined | 2023-04-10 05:43:29 error: paramsCheck failed
undefined | 2023-04-10 05:43:47 error: paramsCheck failed
undefined | 2023-04-10 05:43:47 error: paramsCheck failed
undefined | 2023-04-10 05:43:47 error: paramsCheck failed
undefined | 2023-04-10 05:44:07 error: paramsCheck failed
undefined | 2023-04-10 05:44:07 error: paramsCheck failed
undefined | 2023-04-10 05:44:07 error: paramsCheck failed
undefined | 2023-04-10 05:44:21 error: paramsCheck failed
undefined | 2023-04-10 05:44:21 error: paramsCheck failed
undefined | 2023-04-10 05:44:21 error: paramsCheck failed
undefined | 2023-04-10 05:44:28 error: paramsCheck failed
undefined | 2023-04-10 05:44:28 error: paramsCheck failed
undefined | 2023-04-10 05:44:28 error: paramsCheck failed
undefined | 2023-04-10 05:44:39 error: paramsCheck failed
undefined | 2023-04-10 05:44:39 error: paramsCheck failed
undefined | 2023-04-10 05:44:39 error: paramsCheck failed
undefined | 2023-04-10 05:44:55 error: paramsCheck failed
undefined | 2023-04-10 05:44:55 error: paramsCheck failed
undefined | 2023-04-10 05:44:55 error: paramsCheck failed
undefined | 2023-04-10 05:45:03 error: paramsCheck failed
undefined | 2023-04-10 05:45:03 error: paramsCheck failed
undefined | 2023-04-10 05:45:03 error: paramsCheck failed
undefined | 2023-04-10 05:45:14 error: paramsCheck failed
undefined | 2023-04-10 05:45:14 error: paramsCheck failed
undefined | 2023-04-10 05:45:14 error: paramsCheck failed
undefined | 2023-04-10 05:45:25 error: paramsCheck failed
undefined | 2023-04-10 05:45:25 error: paramsCheck failed
undefined | 2023-04-10 05:45:25 error: paramsCheck failed
undefined | 2023-04-10 05:45:34 error: paramsCheck failed
undefined | 2023-04-10 05:45:34 error: paramsCheck failed
undefined | 2023-04-10 05:45:34 error: paramsCheck failed
undefined | 2023-04-10 05:45:41 error: paramsCheck failed
undefined | 2023-04-10 05:45:41 error: paramsCheck failed
undefined | 2023-04-10 05:45:41 error: paramsCheck failed
undefined | 2023-04-10 05:45:47 error: paramsCheck failed
undefined | 2023-04-10 05:45:47 error: paramsCheck failed
undefined | 2023-04-10 05:45:47 error: paramsCheck failed
undefined | 2023-04-10 05:45:53 error: paramsCheck failed
undefined | 2023-04-10 05:45:53 error: paramsCheck failed
undefined | 2023-04-10 05:45:53 error: paramsCheck failed
undefined | 2023-04-10 05:46:03 error: paramsCheck failed
undefined | 2023-04-10 05:46:03 error: paramsCheck failed
undefined | 2023-04-10 05:46:03 error: paramsCheck failed
undefined | 2023-04-10 05:46:08 error: paramsCheck failed
undefined | 2023-04-10 05:46:08 error: paramsCheck failed
undefined | 2023-04-10 05:46:08 error: paramsCheck failed
undefined | 2023-04-10 05:46:19 error: paramsCheck failed
undefined | 2023-04-10 05:46:19 error: paramsCheck failed
undefined | 2023-04-10 05:46:19 error: paramsCheck failed
undefined | 2023-04-10 05:46:38 error: paramsCheck failed
undefined | 2023-04-10 05:46:38 error: paramsCheck failed
undefined | 2023-04-10 05:46:38 error: paramsCheck failed
undefined | 2023-04-10 05:46:47 error: paramsCheck failed
undefined | 2023-04-10 05:46:47 error: paramsCheck failed
undefined | 2023-04-10 05:46:47 error: paramsCheck failed
undefined | 2023-04-10 05:47:55 error: paramsCheck failed
undefined | 2023-04-10 05:47:55 error: paramsCheck failed
undefined | 2023-04-10 05:47:55 error: paramsCheck failed
undefined | 2023-04-10 05:48:11 error: paramsCheck failed
undefined | 2023-04-10 05:48:11 error: paramsCheck failed
undefined | 2023-04-10 05:48:11 error: paramsCheck failed
undefined | 2023-04-10 05:48:22 error: paramsCheck failed
undefined | 2023-04-10 05:48:22 error: paramsCheck failed
undefined | 2023-04-10 05:48:22 error: paramsCheck failed
undefined | 2023-04-10 05:48:31 error: paramsCheck failed
undefined | 2023-04-10 05:48:31 error: paramsCheck failed
undefined | 2023-04-10 05:48:31 error: paramsCheck failed
undefined | 2023-04-10 05:48:41 error: paramsCheck failed
undefined | 2023-04-10 05:48:41 error: paramsCheck failed
undefined | 2023-04-10 05:48:41 error: paramsCheck failed
undefined | 2023-04-10 05:49:40 error: paramsCheck failed
undefined | 2023-04-10 05:49:40 error: paramsCheck failed
undefined | 2023-04-10 05:49:40 error: paramsCheck failed
undefined | 2023-04-10 05:49:49 error: paramsCheck failed
undefined | 2023-04-10 05:49:49 error: paramsCheck failed
undefined | 2023-04-10 05:49:49 error: paramsCheck failed
undefined | 2023-04-10 05:55:16 error: paramsCheck failed
undefined | 2023-04-10 05:55:16 error: paramsCheck failed
undefined | 2023-04-10 05:55:16 error: paramsCheck failed
undefined | 2023-04-10 05:55:28 error: paramsCheck failed
undefined | 2023-04-10 05:55:28 error: paramsCheck failed
undefined | 2023-04-10 05:55:28 error: paramsCheck failed
undefined | 2023-04-10 05:57:18 error: paramsCheck failed
undefined | 2023-04-10 05:57:18 error: paramsCheck failed
undefined | 2023-04-10 05:57:18 error: paramsCheck failed
undefined | 2023-04-10 05:58:05 error: paramsCheck failed
undefined | 2023-04-10 05:58:05 error: paramsCheck failed
undefined | 2023-04-10 05:58:05 error: paramsCheck failed
undefined | 2023-04-10 05:58:13 error: paramsCheck failed
undefined | 2023-04-10 05:58:13 error: paramsCheck failed
undefined | 2023-04-10 05:58:14 error: paramsCheck failed
undefined | 2023-04-10 05:58:20 error: paramsCheck failed
undefined | 2023-04-10 05:58:20 error: paramsCheck failed
undefined | 2023-04-10 05:58:20 error: paramsCheck failed
undefined | 2023-04-10 05:59:02 error: paramsCheck failed
undefined | 2023-04-10 05:59:02 error: paramsCheck failed
undefined | 2023-04-10 05:59:02 error: paramsCheck failed
undefined | 2023-04-10 05:59:13 error: paramsCheck failed
undefined | 2023-04-10 05:59:13 error: paramsCheck failed
undefined | 2023-04-10 05:59:13 error: paramsCheck failed
undefined | 2023-04-10 05:59:20 error: paramsCheck failed
undefined | 2023-04-10 05:59:20 error: paramsCheck failed
undefined | 2023-04-10 05:59:20 error: paramsCheck failed
undefined | 2023-04-10 05:59:27 error: paramsCheck failed
undefined | 2023-04-10 05:59:27 error: paramsCheck failed
undefined | 2023-04-10 05:59:27 error: paramsCheck failed
undefined | 2023-04-10 05:59:32 error: paramsCheck failed
undefined | 2023-04-10 05:59:32 error: paramsCheck failed
undefined | 2023-04-10 05:59:32 error: paramsCheck failed
undefined | 2023-04-10 05:59:38 error: paramsCheck failed
undefined | 2023-04-10 05:59:38 error: paramsCheck failed
undefined | 2023-04-10 05:59:38 error: paramsCheck failed
undefined | 2023-04-10 05:59:50 error: paramsCheck failed
undefined | 2023-04-10 05:59:50 error: paramsCheck failed
undefined | 2023-04-10 05:59:50 error: paramsCheck failed
undefined | 2023-04-10 05:59:58 error: paramsCheck failed
undefined | 2023-04-10 05:59:58 error: paramsCheck failed
undefined | 2023-04-10 05:59:58 error: paramsCheck failed
undefined | 2023-04-10 06:00:04 error: paramsCheck failed
undefined | 2023-04-10 06:00:04 error: paramsCheck failed
undefined | 2023-04-10 06:00:04 error: paramsCheck failed
undefined | 2023-04-10 06:00:18 error: paramsCheck failed
undefined | 2023-04-10 06:00:18 error: paramsCheck failed
undefined | 2023-04-10 06:00:18 error: paramsCheck failed
undefined | 2023-04-10 06:00:20 error: paramsCheck failed
undefined | 2023-04-10 06:00:20 error: paramsCheck failed
undefined | 2023-04-10 06:00:20 error: paramsCheck failed
undefined | 2023-04-10 06:00:27 error: paramsCheck failed
undefined | 2023-04-10 06:00:27 error: paramsCheck failed
undefined | 2023-04-10 06:00:27 error: paramsCheck failed
undefined | 2023-04-10 06:00:29 error: paramsCheck failed
undefined | 2023-04-10 06:00:29 error: paramsCheck failed
undefined | 2023-04-10 06:00:29 error: paramsCheck failed
undefined | 2023-04-10 06:00:36 error: paramsCheck failed
undefined | 2023-04-10 06:00:36 error: paramsCheck failed
undefined | 2023-04-10 06:00:36 error: paramsCheck failed
undefined | 2023-04-10 06:00:42 error: paramsCheck failed
undefined | 2023-04-10 06:00:42 error: paramsCheck failed
undefined | 2023-04-10 06:00:42 error: paramsCheck failed
undefined | 2023-04-10 06:00:52 error: paramsCheck failed
undefined | 2023-04-10 06:00:52 error: paramsCheck failed
undefined | 2023-04-10 06:00:52 error: paramsCheck failed
undefined | 2023-04-10 06:01:15 error: paramsCheck failed
undefined | 2023-04-10 06:01:15 error: paramsCheck failed
undefined | 2023-04-10 06:01:15 error: paramsCheck failed
undefined | 2023-04-10 06:01:21 error: paramsCheck failed
undefined | 2023-04-10 06:01:21 error: paramsCheck failed
undefined | 2023-04-10 06:01:21 error: paramsCheck failed
undefined | 2023-04-10 06:01:26 error: paramsCheck failed
undefined | 2023-04-10 06:01:26 error: paramsCheck failed
undefined | 2023-04-10 06:01:26 error: paramsCheck failed
undefined | 2023-04-10 06:01:36 error: paramsCheck failed
undefined | 2023-04-10 06:01:36 error: paramsCheck failed
undefined | 2023-04-10 06:01:36 error: paramsCheck failed
undefined | 2023-04-10 06:01:44 error: paramsCheck failed
undefined | 2023-04-10 06:01:44 error: paramsCheck failed
undefined | 2023-04-10 06:01:44 error: paramsCheck failed
undefined | 2023-04-10 06:01:53 error: paramsCheck failed
undefined | 2023-04-10 06:01:53 error: paramsCheck failed
undefined | 2023-04-10 06:01:53 error: paramsCheck failed
undefined | 2023-04-10 06:02:48 error: paramsCheck failed
undefined | 2023-04-10 06:02:48 error: paramsCheck failed
undefined | 2023-04-10 06:02:48 error: paramsCheck failed
undefined | 2023-04-10 06:03:05 error: paramsCheck failed
undefined | 2023-04-10 06:03:05 error: paramsCheck failed
undefined | 2023-04-10 06:03:05 error: paramsCheck failed
undefined | 2023-04-10 06:03:21 error: paramsCheck failed
undefined | 2023-04-10 06:03:21 error: paramsCheck failed
undefined | 2023-04-10 06:03:21 error: paramsCheck failed
undefined | 2023-04-10 06:03:32 error: paramsCheck failed
undefined | 2023-04-10 06:03:32 error: paramsCheck failed
undefined | 2023-04-10 06:03:32 error: paramsCheck failed
undefined | 2023-04-10 06:03:38 error: paramsCheck failed
undefined | 2023-04-10 06:03:38 error: paramsCheck failed
undefined | 2023-04-10 06:03:38 error: paramsCheck failed
undefined | 2023-04-10 06:03:53 error: paramsCheck failed
undefined | 2023-04-10 06:03:53 error: paramsCheck failed
undefined | 2023-04-10 06:03:53 error: paramsCheck failed
undefined | 2023-04-10 06:05:50 error: paramsCheck failed
undefined | 2023-04-10 06:05:50 error: paramsCheck failed
undefined | 2023-04-10 06:05:50 error: paramsCheck failed
undefined | 2023-04-10 06:06:08 error: paramsCheck failed
undefined | 2023-04-10 06:06:08 error: paramsCheck failed
undefined | 2023-04-10 06:06:08 error: paramsCheck failed
undefined | 2023-04-10 06:06:18 error: paramsCheck failed
undefined | 2023-04-10 06:06:18 error: paramsCheck failed
undefined | 2023-04-10 06:06:18 error: paramsCheck failed
undefined | 2023-04-10 06:06:27 error: paramsCheck failed
undefined | 2023-04-10 06:06:27 error: paramsCheck failed
undefined | 2023-04-10 06:06:27 error: paramsCheck failed
undefined | 2023-04-10 06:06:59 error: paramsCheck failed
undefined | 2023-04-10 06:06:59 error: paramsCheck failed
undefined | 2023-04-10 06:06:59 error: paramsCheck failed
undefined | 2023-04-10 06:07:49 error: paramsCheck failed
undefined | 2023-04-10 06:07:49 error: paramsCheck failed
undefined | 2023-04-10 06:07:49 error: paramsCheck failed
undefined | 2023-04-10 06:08:15 error: paramsCheck failed
undefined | 2023-04-10 06:08:15 error: paramsCheck failed
undefined | 2023-04-10 06:08:15 error: paramsCheck failed
undefined | 2023-04-10 06:09:06 error: paramsCheck failed
undefined | 2023-04-10 06:09:06 error: paramsCheck failed
undefined | 2023-04-10 06:09:06 error: paramsCheck failed
undefined | 2023-04-10 06:09:17 error: paramsCheck failed
undefined | 2023-04-10 06:09:17 error: paramsCheck failed
undefined | 2023-04-10 06:09:17 error: paramsCheck failed
undefined | 2023-04-10 06:09:28 error: paramsCheck failed
undefined | 2023-04-10 06:09:28 error: paramsCheck failed
undefined | 2023-04-10 06:09:28 error: paramsCheck failed
undefined | 2023-04-10 06:09:35 error: paramsCheck failed
undefined | 2023-04-10 06:09:35 error: paramsCheck failed
undefined | 2023-04-10 06:09:35 error: paramsCheck failed
undefined | 2023-04-10 06:09:57 error: paramsCheck failed
undefined | 2023-04-10 06:09:57 error: paramsCheck failed
undefined | 2023-04-10 06:09:57 error: paramsCheck failed
undefined | 2023-04-10 06:10:43 error: paramsCheck failed
undefined | 2023-04-10 06:10:43 error: paramsCheck failed
undefined | 2023-04-10 06:10:43 error: paramsCheck failed
undefined | 2023-04-10 06:11:33 error: paramsCheck failed
undefined | 2023-04-10 06:11:33 error: paramsCheck failed
undefined | 2023-04-10 06:11:33 error: paramsCheck failed
undefined | 2023-04-10 06:13:54 error: paramsCheck failed
undefined | 2023-04-10 06:13:54 error: paramsCheck failed
undefined | 2023-04-10 06:13:54 error: paramsCheck failed
undefined | 2023-04-10 06:16:05 error: paramsCheck failed
undefined | 2023-04-10 06:16:05 error: paramsCheck failed
undefined | 2023-04-10 06:16:05 error: paramsCheck failed
undefined | 2023-04-10 06:16:32 error: paramsCheck failed
undefined | 2023-04-10 06:16:32 error: paramsCheck failed
undefined | 2023-04-10 06:16:32 error: paramsCheck failed
undefined | 2023-04-10 06:17:08 error: paramsCheck failed
undefined | 2023-04-10 06:17:08 error: paramsCheck failed
undefined | 2023-04-10 06:17:08 error: paramsCheck failed
undefined | 2023-04-10 06:18:20 error: paramsCheck failed
undefined | 2023-04-10 06:18:20 error: paramsCheck failed
undefined | 2023-04-10 06:18:20 error: paramsCheck failed
undefined | 2023-04-10 06:20:59 error: paramsCheck failed
undefined | 2023-04-10 06:20:59 error: paramsCheck failed
undefined | 2023-04-10 06:20:59 error: paramsCheck failed
undefined | 2023-04-10 06:21:55 error: paramsCheck failed
undefined | 2023-04-10 06:21:55 error: paramsCheck failed
undefined | 2023-04-10 06:21:55 error: paramsCheck failed
undefined | 2023-04-10 06:22:07 error: paramsCheck failed
undefined | 2023-04-10 06:22:07 error: paramsCheck failed
undefined | 2023-04-10 06:22:07 error: paramsCheck failed
undefined | 2023-04-10 06:22:23 error: paramsCheck failed
undefined | 2023-04-10 06:22:23 error: paramsCheck failed
undefined | 2023-04-10 06:22:23 error: paramsCheck failed
undefined | 2023-04-10 06:22:39 error: paramsCheck failed
undefined | 2023-04-10 06:22:39 error: paramsCheck failed
undefined | 2023-04-10 06:22:39 error: paramsCheck failed
undefined | 2023-04-10 06:22:50 error: paramsCheck failed
undefined | 2023-04-10 06:22:50 error: paramsCheck failed
undefined | 2023-04-10 06:22:50 error: paramsCheck failed
undefined | 2023-04-10 06:23:00 error: paramsCheck failed
undefined | 2023-04-10 06:23:00 error: paramsCheck failed
undefined | 2023-04-10 06:23:00 error: paramsCheck failed
undefined | 2023-04-10 06:23:27 error: paramsCheck failed
undefined | 2023-04-10 06:23:27 error: paramsCheck failed
undefined | 2023-04-10 06:23:27 error: paramsCheck failed
undefined | 2023-04-10 06:23:39 error: paramsCheck failed
undefined | 2023-04-10 06:23:39 error: paramsCheck failed
undefined | 2023-04-10 06:23:39 error: paramsCheck failed
undefined | 2023-04-10 06:24:14 error: paramsCheck failed
undefined | 2023-04-10 06:24:14 error: paramsCheck failed
undefined | 2023-04-10 06:24:14 error: paramsCheck failed
undefined | 2023-04-10 06:25:34 error: paramsCheck failed
undefined | 2023-04-10 06:25:34 error: paramsCheck failed
undefined | 2023-04-10 06:25:34 error: paramsCheck failed
undefined | 2023-04-10 06:27:02 error: paramsCheck failed
undefined | 2023-04-10 06:27:02 error: paramsCheck failed
undefined | 2023-04-10 06:27:02 error: paramsCheck failed
undefined | 2023-04-10 06:27:37 error: paramsCheck failed
undefined | 2023-04-10 06:27:37 error: paramsCheck failed
undefined | 2023-04-10 06:27:37 error: paramsCheck failed
undefined | 2023-04-10 06:28:13 error: paramsCheck failed
undefined | 2023-04-10 06:28:13 error: paramsCheck failed
undefined | 2023-04-10 06:28:13 error: paramsCheck failed
undefined | 2023-04-10 06:29:07 error: paramsCheck failed
undefined | 2023-04-10 06:29:07 error: paramsCheck failed
undefined | 2023-04-10 06:29:07 error: paramsCheck failed
undefined | 2023-04-10 06:30:10 error: paramsCheck failed
undefined | 2023-04-10 06:30:10 error: paramsCheck failed
undefined | 2023-04-10 06:30:10 error: paramsCheck failed
undefined | 2023-04-10 06:30:22 error: paramsCheck failed
undefined | 2023-04-10 06:30:22 error: paramsCheck failed
undefined | 2023-04-10 06:30:22 error: paramsCheck failed
undefined | 2023-04-10 06:30:36 error: paramsCheck failed
undefined | 2023-04-10 06:30:36 error: paramsCheck failed
undefined | 2023-04-10 06:30:36 error: paramsCheck failed
undefined | 2023-04-10 06:30:46 error: paramsCheck failed
undefined | 2023-04-10 06:30:46 error: paramsCheck failed
undefined | 2023-04-10 06:30:46 error: paramsCheck failed
undefined | 2023-04-10 06:31:13 error: paramsCheck failed
undefined | 2023-04-10 06:31:13 error: paramsCheck failed
undefined | 2023-04-10 06:31:13 error: paramsCheck failed
undefined | 2023-04-10 06:40:31 error: paramsCheck failed
undefined | 2023-04-10 06:40:31 error: paramsCheck failed
undefined | 2023-04-10 06:40:31 error: paramsCheck failed
undefined | 2023-04-10 06:50:45 error: paramsCheck failed
undefined | 2023-04-10 06:50:45 error: paramsCheck failed
undefined | 2023-04-10 06:50:45 error: paramsCheck failed
undefined | 2023-04-10 06:51:12 error: paramsCheck failed
undefined | 2023-04-10 06:51:12 error: paramsCheck failed
undefined | 2023-04-10 06:51:12 error: paramsCheck failed
undefined | 2023-04-10 06:51:26 error: paramsCheck failed
undefined | 2023-04-10 06:51:26 error: paramsCheck failed
undefined | 2023-04-10 06:51:26 error: paramsCheck failed
undefined | 2023-04-10 06:51:36 error: paramsCheck failed
undefined | 2023-04-10 06:51:36 error: paramsCheck failed
undefined | 2023-04-10 06:51:36 error: paramsCheck failed
undefined | 2023-04-10 06:52:29 error: paramsCheck failed
undefined | 2023-04-10 06:52:29 error: paramsCheck failed
undefined | 2023-04-10 06:52:29 error: paramsCheck failed
undefined | 2023-04-10 06:52:51 error: paramsCheck failed
undefined | 2023-04-10 06:52:51 error: paramsCheck failed
undefined | 2023-04-10 06:52:51 error: paramsCheck failed
undefined | 2023-04-10 06:53:30 error: paramsCheck failed
undefined | 2023-04-10 06:53:30 error: paramsCheck failed
undefined | 2023-04-10 06:53:30 error: paramsCheck failed
undefined | 2023-04-10 06:53:45 error: paramsCheck failed
undefined | 2023-04-10 06:53:45 error: paramsCheck failed
undefined | 2023-04-10 06:53:45 error: paramsCheck failed
undefined | 2023-04-10 06:54:06 error: paramsCheck failed
undefined | 2023-04-10 06:54:06 error: paramsCheck failed
undefined | 2023-04-10 06:54:06 error: paramsCheck failed
undefined | 2023-04-10 06:54:38 error: paramsCheck failed
undefined | 2023-04-10 06:54:38 error: paramsCheck failed
undefined | 2023-04-10 06:54:38 error: paramsCheck failed
undefined | 2023-04-10 06:55:18 error: paramsCheck failed
undefined | 2023-04-10 06:55:18 error: paramsCheck failed
undefined | 2023-04-10 06:55:18 error: paramsCheck failed
undefined | 2023-04-10 06:55:44 error: paramsCheck failed
undefined | 2023-04-10 06:55:44 error: paramsCheck failed
undefined | 2023-04-10 06:55:44 error: paramsCheck failed
undefined | 2023-04-10 06:55:54 error: paramsCheck failed
undefined | 2023-04-10 06:55:54 error: paramsCheck failed
undefined | 2023-04-10 06:55:54 error: paramsCheck failed
undefined | 2023-04-10 06:56:51 error: paramsCheck failed
undefined | 2023-04-10 06:56:51 error: paramsCheck failed
undefined | 2023-04-10 06:56:51 error: paramsCheck failed
undefined | 2023-04-10 06:57:46 error: paramsCheck failed
undefined | 2023-04-10 06:57:46 error: paramsCheck failed
undefined | 2023-04-10 06:57:46 error: paramsCheck failed
undefined | 2023-04-10 06:59:08 error: paramsCheck failed
undefined | 2023-04-10 06:59:31 error: paramsCheck failed
undefined | 2023-04-10 07:00:13 error: paramsCheck failed
undefined | 2023-04-10 07:00:57 error: paramsCheck failed
undefined | 2023-04-10 07:02:12 error: executeProcedure failed : RequestError: Procedure or function 'SA_MY_DASHBOARD' expects parameter '@A_UID', which was not supplied.
undefined | 2023-04-10 07:02:12 error: callProcedureSync failed
undefined | 2023-04-10 07:04:37 error: paramsCheck failed
undefined | 2023-04-10 07:07:21 error: paramsCheck failed
undefined | 2023-04-10 07:09:13 error: executeProcedure failed : RequestError: Procedure or function 'SA_MY_DASHBOARD' expects parameter '@A_UID', which was not supplied.
undefined | 2023-04-10 07:09:13 error: callProcedureSync failed
undefined | 2023-04-10 07:09:22 error: executeProcedure failed : RequestError: Procedure or function 'SA_MY_DASHBOARD' expects parameter '@A_UID', which was not supplied.
undefined | 2023-04-10 07:09:22 error: callProcedureSync failed
undefined | 2023-04-10 07:09:30 error: executeProcedure failed : RequestError: Procedure or function 'SA_MY_DASHBOARD' expects parameter '@A_UID', which was not supplied.
undefined | 2023-04-10 07:09:30 error: callProcedureSync failed
undefined | 2023-04-10 07:09:37 error: executeProcedure failed : RequestError: Procedure or function 'SA_MY_DASHBOARD' expects parameter '@A_UID', which was not supplied.
undefined | 2023-04-10 07:09:37 error: callProcedureSync failed
undefined | 2023-04-10 07:11:10 error: executeProcedure failed : RequestError: Procedure or function 'SA_MY_DASHBOARD' expects parameter '@A_UID', which was not supplied.
undefined | 2023-04-10 07:11:10 error: callProcedureSync failed
undefined | 2023-04-10 16:07:29 error: executeProcedure failed : RequestError: Could not find stored procedure 'SP_BANK_LIST'.
undefined | 2023-04-10 16:07:29 error: callProcedureSync failed
undefined | 2023-04-10 16:08:30 error: executeProcedure failed : RequestError: Could not find stored procedure 'SP_BANK_LIST'.
undefined | 2023-04-10 16:08:30 error: callProcedureSync failed
undefined | 2023-04-10 16:10:01 error: executeProcedure failed : RequestError: Could not find stored procedure 'SP_BANK_LIST'.
undefined | 2023-04-10 16:10:01 error: callProcedureSync failed
undefined | 2023-04-10 16:11:03 error: executeProcedure failed : RequestError: Could not find stored procedure 'SP_BANK_LIST'.
undefined | 2023-04-10 16:11:03 error: callProcedureSync failed
undefined | 2023-04-10 16:11:58 error: executeProcedure failed : RequestError: Could not find stored procedure 'SP_BANK_LIST'.
undefined | 2023-04-10 16:11:58 error: callProcedureSync failed
undefined | 2023-04-10 16:14:02 error: executeProcedure failed : RequestError: Could not find stored procedure 'SP_BANK_LIST'.
undefined | 2023-04-10 16:14:02 error: callProcedureSync failed
undefined | 2023-04-10 16:31:42 error: executeProcedure failed : RequestError: Could not find stored procedure 'SP_BANK_LIST'.
undefined | 2023-04-10 16:31:42 error: callProcedureSync failed
undefined | 2023-04-10 16:32:21 error: executeProcedure failed : RequestError: Could not find stored procedure 'SP_BANK_LIST'.
undefined | 2023-04-10 16:32:21 error: callProcedureSync failed
undefined | 2023-04-10 16:34:23 error: executeProcedure failed : RequestError: Could not find stored procedure 'SP_BANK_LIST'.
undefined | 2023-04-10 16:34:23 error: callProcedureSync failed
undefined | 2023-04-10 16:35:47 error: executeProcedure failed : RequestError: Could not find stored procedure 'SP_BANK_LIST'.
undefined | 2023-04-10 16:35:47 error: callProcedureSync failed
undefined | 2023-04-10 16:39:43 error: executeProcedure failed : RequestError: Could not find stored procedure 'SP_BANK_LIST'.
undefined | 2023-04-10 16:39:43 error: callProcedureSync failed
undefined | 2023-04-10 16:50:14 error: executeProcedure failed : RequestError: Could not find stored procedure 'SP_BANK_LIST'.
undefined | 2023-04-10 16:50:14 error: callProcedureSync failed
undefined | 2023-04-10 16:55:11 error: executeProcedure failed : RequestError: Could not find stored procedure 'SP_BANK_LIST'.
undefined | 2023-04-10 16:55:11 error: callProcedureSync failed
undefined | 2023-04-10 16:55:23 error: executeProcedure failed : RequestError: Could not find stored procedure 'SP_BANK_LIST'.
undefined | 2023-04-10 16:55:23 error: callProcedureSync failed
undefined | 2023-04-10 16:55:31 error: executeProcedure failed : RequestError: Could not find stored procedure 'SP_BANK_LIST'.
undefined | 2023-04-10 16:55:31 error: callProcedureSync failed
undefined | 2023-04-10 16:56:50 error: executeProcedure failed : RequestError: Could not find stored procedure 'SP_BANK_LIST'.
undefined | 2023-04-10 16:56:50 error: callProcedureSync failed
undefined | 2023-04-10 16:56:54 error: executeProcedure failed : RequestError: Could not find stored procedure 'SP_BANK_LIST'.
undefined | 2023-04-10 16:56:54 error: callProcedureSync failed
undefined | 2023-04-10 16:59:26 error: executeProcedure failed : RequestError: Could not find stored procedure 'SP_BANK_LIST'.
undefined | 2023-04-10 16:59:26 error: callProcedureSync failed
undefined | 2023-04-10 17:00:59 error: executeProcedure failed : RequestError: Could not find stored procedure 'SP_BANK_LIST'.
undefined | 2023-04-10 17:00:59 error: callProcedureSync failed
undefined | 2023-04-10 17:07:13 error: executeProcedure failed : RequestError: Could not find stored procedure 'SP_BANK_LIST'.
undefined | 2023-04-10 17:07:13 error: callProcedureSync failed
undefined | 2023-04-10 17:07:43 error: executeProcedure failed : RequestError: Could not find stored procedure 'SP_BANK_LIST'.
undefined | 2023-04-10 17:07:43 error: callProcedureSync failed
undefined | 2023-04-10 17:08:33 error: executeProcedure failed : RequestError: Could not find stored procedure 'SP_BANK_LIST'.
undefined | 2023-04-10 17:08:33 error: callProcedureSync failed
undefined | 2023-04-10 17:08:47 error: executeProcedure failed : RequestError: Could not find stored procedure 'SP_BANK_LIST'.
undefined | 2023-04-10 17:08:47 error: callProcedureSync failed
undefined | 2023-04-10 17:09:02 error: executeProcedure failed : RequestError: Could not find stored procedure 'SP_BANK_LIST'.
undefined | 2023-04-10 17:09:02 error: callProcedureSync failed
undefined | 2023-04-10 17:09:06 error: executeProcedure failed : RequestError: Could not find stored procedure 'SP_BANK_LIST'.
undefined | 2023-04-10 17:09:06 error: callProcedureSync failed
undefined | 2023-04-10 17:09:10 error: executeProcedure failed : RequestError: Could not find stored procedure 'SP_BANK_LIST'.
undefined | 2023-04-10 17:09:10 error: callProcedureSync failed
undefined | 2023-04-10 17:09:19 error: executeProcedure failed : RequestError: Could not find stored procedure 'SP_BANK_LIST'.
undefined | 2023-04-10 17:09:19 error: callProcedureSync failed
undefined | 2023-04-10 17:10:07 error: executeProcedure failed : RequestError: Could not find stored procedure 'SP_BANK_LIST'.
undefined | 2023-04-10 17:10:07 error: callProcedureSync failed
undefined | 2023-04-10 17:10:37 error: executeProcedure failed : RequestError: Could not find stored procedure 'SP_BANK_LIST'.
undefined | 2023-04-10 17:10:37 error: callProcedureSync failed
undefined | 2023-04-10 17:11:02 error: executeProcedure failed : RequestError: Could not find stored procedure 'SP_BANK_LIST'.
undefined | 2023-04-10 17:11:02 error: callProcedureSync failed
undefined | 2023-04-10 17:12:56 error: executeProcedure failed : RequestError: Could not find stored procedure 'SP_BANK_LIST'.
undefined | 2023-04-10 17:12:56 error: callProcedureSync failed
undefined | 2023-04-10 17:13:12 error: executeProcedure failed : RequestError: Could not find stored procedure 'SP_BANK_LIST'.
undefined | 2023-04-10 17:13:12 error: callProcedureSync failed
undefined | 2023-04-10 17:13:57 error: executeProcedure failed : RequestError: Could not find stored procedure 'SP_BANK_LIST'.
undefined | 2023-04-10 17:13:57 error: callProcedureSync failed
undefined | 2023-04-10 17:14:20 error: executeProcedure failed : RequestError: Could not find stored procedure 'SP_BANK_LIST'.
undefined | 2023-04-10 17:14:20 error: callProcedureSync failed
undefined | 2023-04-10 17:14:39 error: executeProcedure failed : RequestError: Could not find stored procedure 'SP_BANK_LIST'.
undefined | 2023-04-10 17:14:39 error: callProcedureSync failed
undefined | 2023-04-10 17:15:28 error: executeProcedure failed : RequestError: Could not find stored procedure 'SP_BANK_LIST'.
undefined | 2023-04-10 17:15:28 error: callProcedureSync failed
undefined | 2023-04-10 17:15:55 error: executeProcedure failed : RequestError: Could not find stored procedure 'SP_BANK_LIST'.
undefined | 2023-04-10 17:15:55 error: callProcedureSync failed
undefined | 2023-04-10 17:17:04 error: executeProcedure failed : RequestError: Could not find stored procedure 'SP_BANK_LIST'.
undefined | 2023-04-10 17:17:04 error: callProcedureSync failed
undefined | 2023-04-10 17:18:14 error: executeProcedure failed : RequestError: Could not find stored procedure 'SP_BANK_LIST'.
undefined | 2023-04-10 17:18:14 error: callProcedureSync failed
undefined | 2023-04-10 17:19:47 error: executeProcedure failed : RequestError: Could not find stored procedure 'SP_BANK_LIST'.
undefined | 2023-04-10 17:19:47 error: callProcedureSync failed
undefined | 2023-04-10 17:23:23 error: executeProcedure failed : RequestError: Could not find stored procedure 'SP_BANK_LIST'.
undefined | 2023-04-10 17:23:23 error: callProcedureSync failed
undefined | 2023-04-10 17:24:08 error: executeProcedure failed : RequestError: Could not find stored procedure 'SP_BANK_LIST'.
undefined | 2023-04-10 17:24:08 error: callProcedureSync failed
undefined | 2023-04-10 17:24:16 error: executeProcedure failed : RequestError: Could not find stored procedure 'SP_BANK_LIST'.
undefined | 2023-04-10 17:24:16 error: callProcedureSync failed
undefined | 2023-04-10 17:24:18 error: executeProcedure failed : RequestError: Could not find stored procedure 'SP_BANK_LIST'.
undefined | 2023-04-10 17:24:18 error: callProcedureSync failed
undefined | 2023-04-10 17:24:35 error: executeProcedure failed : RequestError: Could not find stored procedure 'SP_BANK_LIST'.
undefined | 2023-04-10 17:24:35 error: callProcedureSync failed
undefined | 2023-04-10 17:24:57 error: executeProcedure failed : RequestError: Could not find stored procedure 'SP_BANK_LIST'.
undefined | 2023-04-10 17:24:57 error: callProcedureSync failed
undefined | 2023-04-10 17:25:16 error: executeProcedure failed : RequestError: Could not find stored procedure 'SP_BANK_LIST'.
undefined | 2023-04-10 17:25:16 error: callProcedureSync failed
undefined | 2023-04-10 17:25:27 error: executeProcedure failed : RequestError: Could not find stored procedure 'SP_BANK_LIST'.
undefined | 2023-04-10 17:25:27 error: callProcedureSync failed
undefined | 2023-04-10 17:25:36 error: executeProcedure failed : RequestError: Could not find stored procedure 'SP_BANK_LIST'.
undefined | 2023-04-10 17:25:36 error: callProcedureSync failed
undefined | 2023-04-10 17:25:44 error: executeProcedure failed : RequestError: Could not find stored procedure 'SP_BANK_LIST'.
undefined | 2023-04-10 17:25:44 error: callProcedureSync failed
undefined | 2023-04-10 18:01:12 error: executeProcedure failed : RequestError: Could not find stored procedure 'SP_BANK_LIST'.
undefined | 2023-04-10 18:01:12 error: callProcedureSync failed
undefined | 2023-04-10 18:03:03 error: executeProcedure failed : RequestError: Could not find stored procedure 'SP_BANK_LIST'.
undefined | 2023-04-10 18:03:03 error: callProcedureSync failed
undefined | 2023-04-10 18:03:06 error: executeProcedure failed : RequestError: Could not find stored procedure 'SP_BANK_LIST'.
undefined | 2023-04-10 18:03:06 error: callProcedureSync failed
undefined | 2023-04-10 18:04:45 error: executeProcedure failed : RequestError: Could not find stored procedure 'SP_BANK_LIST'.
undefined | 2023-04-10 18:04:45 error: callProcedureSync failed
undefined | 2023-04-10 18:05:21 error: executeProcedure failed : RequestError: Could not find stored procedure 'SP_BANK_LIST'.
undefined | 2023-04-10 18:05:21 error: callProcedureSync failed
undefined | 2023-04-10 18:29:55 error: executeProcedure failed : RequestError: Could not find stored procedure 'SP_BANK_LIST'.
undefined | 2023-04-10 18:29:55 error: callProcedureSync failed
undefined | 2023-04-10 18:30:51 error: executeProcedure failed : RequestError: Could not find stored procedure 'SP_BANK_LIST'.
undefined | 2023-04-10 18:30:51 error: callProcedureSync failed
undefined | 2023-04-10 18:31:02 error: executeProcedure failed : RequestError: Could not find stored procedure 'SP_BANK_LIST'.
undefined | 2023-04-10 18:31:02 error: callProcedureSync failed
undefined | 2023-04-10 18:31:21 error: executeProcedure failed : RequestError: Could not find stored procedure 'SP_BANK_LIST'.
undefined | 2023-04-10 18:31:21 error: callProcedureSync failed
undefined | 2023-04-10 18:55:09 error: executeProcedure failed : RequestError: Could not find stored procedure 'SP_BANK_LIST'.
undefined | 2023-04-10 18:55:09 error: callProcedureSync failed
undefined | 2023-04-10 18:55:12 error: executeProcedure failed : RequestError: Could not find stored procedure 'SP_BANK_LIST'.
undefined | 2023-04-10 18:55:12 error: callProcedureSync failed
undefined | 2023-04-10 18:55:18 error: executeProcedure failed : RequestError: Could not find stored procedure 'SP_BANK_LIST'.
undefined | 2023-04-10 18:55:18 error: callProcedureSync failed
undefined | 2023-04-10 18:55:30 error: executeProcedure failed : RequestError: Could not find stored procedure 'SP_BANK_LIST'.
undefined | 2023-04-10 18:55:30 error: callProcedureSync failed
undefined | 2023-04-10 18:55:51 error: executeProcedure failed : RequestError: Could not find stored procedure 'SP_BANK_LIST'.
undefined | 2023-04-10 18:55:51 error: callProcedureSync failed
undefined | 2023-04-10 18:56:19 error: executeProcedure failed : RequestError: Could not find stored procedure 'SP_BANK_LIST'.
undefined | 2023-04-10 18:56:19 error: callProcedureSync failed
undefined | 2023-04-10 18:56:27 error: executeProcedure failed : RequestError: Could not find stored procedure 'SP_BANK_LIST'.
undefined | 2023-04-10 18:56:27 error: callProcedureSync failed
undefined | 2023-04-10 18:56:40 error: executeProcedure failed : RequestError: Could not find stored procedure 'SP_BANK_LIST'.
undefined | 2023-04-10 18:56:40 error: callProcedureSync failed
undefined | 2023-04-10 18:57:10 error: executeProcedure failed : RequestError: Could not find stored procedure 'SP_BANK_LIST'.
undefined | 2023-04-10 18:57:10 error: callProcedureSync failed
undefined | 2023-04-10 18:57:35 error: executeProcedure failed : RequestError: Could not find stored procedure 'SP_BANK_LIST'.
undefined | 2023-04-10 18:57:35 error: callProcedureSync failed
undefined | 2023-04-10 18:57:55 error: executeProcedure failed : RequestError: Could not find stored procedure 'SP_BANK_LIST'.
undefined | 2023-04-10 18:57:55 error: callProcedureSync failed
